# JRE version: OpenJDK Runtime Environment (21.0.3) (build 21.0.3+-12282718-b509.11)
# Java VM: OpenJDK 64-Bit Server VM (21.0.3+-12282718-b509.11, mixed mode, tiered, compressed oops, compressed class ptrs, g1 gc, windows-amd64)
GC Precious Log:
 CardTable entry size: 512
 Card Set container configuration: InlinePtr #cards 5 size 8 Array Of Cards #cards 12 size 40 Howl #buckets 4 coarsen threshold 1843 Howl Bitmap #cards 512 size 80 coarsen threshold 460 Card regions per heap region 1 cards per card region 2048
 CPUs: 8 total, 8 available
 Memory: 16194M
 Large Page Support: Disabled
 NUMA Support: Disabled
 Compressed Oops: Enabled (32-bit)
 Heap Region Size: 1M
 Heap Min Capacity: 8M
 Heap Initial Capacity: 254M
 Heap Max Capacity: 2G
 Pre-touch: Disabled
 Parallel Workers: 8
 Concurrent Workers: 2
 Concurrent Refinement Workers: 8
 Periodic GC: Disabled
Heap:
 garbage-first heap   total 354304K, used 214354K [0x0000000080000000, 0x0000000100000000)
  region size 1024K, 54 young (55296K), 3 survivors (3072K)
 Metaspace       used 143034K, committed 145408K, reserved 1179648K
  class space    used 20066K, committed 21248K, reserved 1048576K
GC Heap History (20 events):
Event: 11.728 GC heap after
{Heap after GC invocations=33 (full 0):
 garbage-first heap   total 215040K, used 116097K [0x0000000080000000, 0x0000000100000000)
  region size 1024K, 5 young (5120K), 5 survivors (5120K)
 Metaspace       used 109877K, committed 112064K, reserved 1179648K
  class space    used 15262K, committed 16384K, reserved 1048576K
}
Event: 12.214 GC heap before
{Heap before GC invocations=34 (full 0):
 garbage-first heap   total 220160K, used 193921K [0x0000000080000000, 0x0000000100000000)
  region size 1024K, 82 young (83968K), 5 survivors (5120K)
 Metaspace       used 110475K, committed 112640K, reserved 1179648K
  class space    used 15374K, committed 16448K, reserved 1048576K
}
Event: 12.220 GC heap after
{Heap after GC invocations=35 (full 0):
 garbage-first heap   total 220160K, used 119261K [0x0000000080000000, 0x0000000100000000)
  region size 1024K, 8 young (8192K), 8 survivors (8192K)
 Metaspace       used 110475K, committed 112640K, reserved 1179648K
  class space    used 15374K, committed 16448K, reserved 1048576K
}
Event: 12.601 GC heap before
{Heap before GC invocations=35 (full 0):
 garbage-first heap   total 220160K, used 198109K [0x0000000080000000, 0x0000000100000000)
  region size 1024K, 86 young (88064K), 8 survivors (8192K)
 Metaspace       used 110974K, committed 113216K, reserved 1179648K
  class space    used 15453K, committed 16576K, reserved 1048576K
}
Event: 12.614 GC heap after
{Heap after GC invocations=36 (full 0):
 garbage-first heap   total 220160K, used 119196K [0x0000000080000000, 0x0000000100000000)
  region size 1024K, 6 young (6144K), 6 survivors (6144K)
 Metaspace       used 110974K, committed 113216K, reserved 1179648K
  class space    used 15453K, committed 16576K, reserved 1048576K
}
Event: 13.143 GC heap before
{Heap before GC invocations=36 (full 0):
 garbage-first heap   total 220160K, used 200092K [0x0000000080000000, 0x0000000100000000)
  region size 1024K, 86 young (88064K), 6 survivors (6144K)
 Metaspace       used 114288K, committed 116544K, reserved 1179648K
  class space    used 15895K, committed 17024K, reserved 1048576K
}
Event: 13.151 GC heap after
{Heap after GC invocations=37 (full 0):
 garbage-first heap   total 220160K, used 124050K [0x0000000080000000, 0x0000000100000000)
  region size 1024K, 11 young (11264K), 11 survivors (11264K)
 Metaspace       used 114288K, committed 116544K, reserved 1179648K
  class space    used 15895K, committed 17024K, reserved 1048576K
}
Event: 22.544 GC heap before
{Heap before GC invocations=38 (full 0):
 garbage-first heap   total 239616K, used 193682K [0x0000000080000000, 0x0000000100000000)
  region size 1024K, 80 young (81920K), 11 survivors (11264K)
 Metaspace       used 115517K, committed 117760K, reserved 1179648K
  class space    used 16077K, committed 17216K, reserved 1048576K
}
Event: 22.552 GC heap after
{Heap after GC invocations=39 (full 0):
 garbage-first heap   total 239616K, used 126378K [0x0000000080000000, 0x0000000100000000)
  region size 1024K, 6 young (6144K), 6 survivors (6144K)
 Metaspace       used 115517K, committed 117760K, reserved 1179648K
  class space    used 16077K, committed 17216K, reserved 1048576K
}
Event: 23.412 GC heap before
{Heap before GC invocations=39 (full 0):
 garbage-first heap   total 239616K, used 224682K [0x0000000080000000, 0x0000000100000000)
  region size 1024K, 96 young (98304K), 6 survivors (6144K)
 Metaspace       used 123410K, committed 125760K, reserved 1179648K
  class space    used 17178K, committed 18368K, reserved 1048576K
}
Event: 23.419 GC heap after
{Heap after GC invocations=40 (full 0):
 garbage-first heap   total 239616K, used 134710K [0x0000000080000000, 0x0000000100000000)
  region size 1024K, 12 young (12288K), 12 survivors (12288K)
 Metaspace       used 123410K, committed 125760K, reserved 1179648K
  class space    used 17178K, committed 18368K, reserved 1048576K
}
Event: 23.915 GC heap before
{Heap before GC invocations=40 (full 0):
 garbage-first heap   total 239616K, used 212534K [0x0000000080000000, 0x0000000100000000)
  region size 1024K, 89 young (91136K), 12 survivors (12288K)
 Metaspace       used 133604K, committed 135936K, reserved 1179648K
  class space    used 18878K, committed 20032K, reserved 1048576K
}
Event: 23.927 GC heap after
{Heap after GC invocations=41 (full 0):
 garbage-first heap   total 239616K, used 137148K [0x0000000080000000, 0x0000000100000000)
  region size 1024K, 5 young (5120K), 5 survivors (5120K)
 Metaspace       used 133604K, committed 135936K, reserved 1179648K
  class space    used 18878K, committed 20032K, reserved 1048576K
}
Event: 24.232 GC heap before
{Heap before GC invocations=41 (full 0):
 garbage-first heap   total 239616K, used 185276K [0x0000000080000000, 0x0000000100000000)
  region size 1024K, 54 young (55296K), 5 survivors (5120K)
 Metaspace       used 135034K, committed 137344K, reserved 1179648K
  class space    used 19071K, committed 20224K, reserved 1048576K
}
Event: 24.237 GC heap after
{Heap after GC invocations=42 (full 0):
 garbage-first heap   total 239616K, used 137515K [0x0000000080000000, 0x0000000100000000)
  region size 1024K, 5 young (5120K), 5 survivors (5120K)
 Metaspace       used 135034K, committed 137344K, reserved 1179648K
  class space    used 19071K, committed 20224K, reserved 1048576K
}
Event: 25.768 GC heap before
{Heap before GC invocations=43 (full 0):
 garbage-first heap   total 345088K, used 343339K [0x0000000080000000, 0x0000000100000000)
  region size 1024K, 75 young (76800K), 5 survivors (5120K)
 Metaspace       used 140901K, committed 143296K, reserved 1179648K
  class space    used 19947K, committed 21184K, reserved 1048576K
}
Event: 25.775 GC heap after
{Heap after GC invocations=44 (full 0):
 garbage-first heap   total 353280K, used 145368K [0x0000000080000000, 0x0000000100000000)
  region size 1024K, 8 young (8192K), 8 survivors (8192K)
 Metaspace       used 140901K, committed 143296K, reserved 1179648K
  class space    used 19947K, committed 21184K, reserved 1048576K
}
Event: 359.183 GC heap before
{Heap before GC invocations=44 (full 0):
 garbage-first heap   total 353280K, used 325592K [0x0000000080000000, 0x0000000100000000)
  region size 1024K, 183 young (187392K), 8 survivors (8192K)
 Metaspace       used 142420K, committed 144768K, reserved 1179648K
  class space    used 20060K, committed 21248K, reserved 1048576K
}
Event: 359.205 GC heap after
{Heap after GC invocations=45 (full 0):
 garbage-first heap   total 354304K, used 162501K [0x0000000080000000, 0x0000000100000000)
  region size 1024K, 23 young (23552K), 23 survivors (23552K)
 Metaspace       used 142420K, committed 144768K, reserved 1179648K
  class space    used 20060K, committed 21248K, reserved 1048576K
}
Event: 359.706 GC heap before
{Heap before GC invocations=45 (full 0):
 garbage-first heap   total 354304K, used 212677K [0x0000000080000000, 0x0000000100000000)
  region size 1024K, 74 young (75776K), 23 survivors (23552K)
 Metaspace       used 143034K, committed 145408K, reserved 1179648K
  class space    used 20066K, committed 21248K, reserved 1048576K
}

